<?xml version="1.0" encoding="UTF-8"?>
<!-- Generated by org.testng.reporters.JUnitReportReporter -->
<testsuite skipped="0" hostname="DESKTOP-0EO3KMN" name="driverFactory.DriverScript" tests="1" failures="0" timestamp="13 Aug 2022 16:55:31 GMT" time="66.370" errors="0">
  <testcase name="startTest" time="66.370" classname="driverFactory.DriverScript"/>
</testsuite> <!-- driverFactory.DriverScript -->
